2025-09-24 02:38:30,823 INFO Set uid to user 0 succeeded
2025-09-24 02:38:30,827 INFO supervisord started with pid 1
2025-09-24 02:38:31,831 INFO spawned: 'php-fpm' with pid 7
2025-09-24 02:38:32,935 INFO success: php-fpm entered RUNNING state, process has stayed up for > than 1 seconds (startsecs)
2025-09-24 02:41:46,466 WARN received SIGQUIT indicating exit request
2025-09-24 02:41:46,467 INFO waiting for php-fpm to die
2025-09-24 02:41:46,479 INFO stopped: php-fpm (exit status 0)
2025-09-24 02:41:47,533 INFO Set uid to user 0 succeeded
2025-09-24 02:41:47,537 INFO supervisord started with pid 1
2025-09-24 02:41:48,539 INFO spawned: 'php-fpm' with pid 7
2025-09-24 02:41:49,593 INFO success: php-fpm entered RUNNING state, process has stayed up for > than 1 seconds (startsecs)
2025-09-24 02:47:52,175 WARN received SIGQUIT indicating exit request
2025-09-24 02:47:52,176 INFO waiting for php-fpm to die
2025-09-24 02:47:52,182 INFO stopped: php-fpm (exit status 0)
2025-09-24 02:52:56,980 INFO Set uid to user 0 succeeded
2025-09-24 02:52:56,984 INFO supervisord started with pid 1
2025-09-24 02:52:57,989 INFO spawned: 'php-fpm' with pid 7
2025-09-24 02:52:59,091 INFO success: php-fpm entered RUNNING state, process has stayed up for > than 1 seconds (startsecs)
2025-09-24 02:56:20,082 WARN received SIGQUIT indicating exit request
2025-09-24 02:56:20,082 INFO waiting for php-fpm to die
2025-09-24 02:56:20,092 INFO stopped: php-fpm (exit status 0)
2025-09-24 02:56:21,217 INFO Set uid to user 0 succeeded
2025-09-24 02:56:21,219 INFO supervisord started with pid 1
2025-09-24 02:56:22,223 INFO spawned: 'php-fpm' with pid 7
2025-09-24 02:56:23,260 INFO success: php-fpm entered RUNNING state, process has stayed up for > than 1 seconds (startsecs)
2025-09-24 02:59:01,883 WARN received SIGQUIT indicating exit request
2025-09-24 02:59:01,884 INFO waiting for php-fpm to die
2025-09-24 02:59:01,896 INFO stopped: php-fpm (exit status 0)
2025-09-24 02:59:03,222 INFO Set uid to user 0 succeeded
2025-09-24 02:59:03,227 INFO supervisord started with pid 1
2025-09-24 02:59:04,229 INFO spawned: 'php-fpm' with pid 7
2025-09-24 02:59:05,284 INFO success: php-fpm entered RUNNING state, process has stayed up for > than 1 seconds (startsecs)
2025-09-24 03:01:11,209 INFO Set uid to user 0 succeeded
2025-09-24 03:01:11,212 INFO supervisord started with pid 1
2025-09-24 03:01:12,215 INFO spawned: 'php-fpm' with pid 7
2025-09-24 03:01:13,255 INFO success: php-fpm entered RUNNING state, process has stayed up for > than 1 seconds (startsecs)
2025-09-24 03:05:03,382 WARN received SIGQUIT indicating exit request
2025-09-24 03:05:03,383 INFO waiting for php-fpm to die
2025-09-24 03:05:03,399 INFO stopped: php-fpm (exit status 0)
2025-09-24 03:05:05,274 INFO Set uid to user 0 succeeded
2025-09-24 03:05:05,280 INFO supervisord started with pid 1
2025-09-24 03:05:06,283 INFO spawned: 'php-fpm' with pid 7
2025-09-24 03:05:07,345 INFO success: php-fpm entered RUNNING state, process has stayed up for > than 1 seconds (startsecs)
2025-09-24 03:17:08,032 INFO Set uid to user 0 succeeded
2025-09-24 03:17:08,036 INFO supervisord started with pid 1
2025-09-24 03:17:09,040 INFO spawned: 'php-fpm' with pid 7
2025-09-24 03:17:10,099 INFO success: php-fpm entered RUNNING state, process has stayed up for > than 1 seconds (startsecs)
2025-09-24 03:18:27,567 WARN received SIGQUIT indicating exit request
2025-09-24 03:18:27,568 INFO waiting for php-fpm to die
2025-09-24 03:18:27,580 INFO stopped: php-fpm (exit status 0)
2025-09-24 03:18:28,954 INFO Set uid to user 0 succeeded
2025-09-24 03:18:28,958 INFO supervisord started with pid 1
2025-09-24 03:18:29,821 INFO spawned: 'php-fpm' with pid 7
2025-09-24 03:18:30,864 INFO success: php-fpm entered RUNNING state, process has stayed up for > than 1 seconds (startsecs)
2025-09-24 03:22:35,415 WARN received SIGQUIT indicating exit request
2025-09-24 03:22:35,415 INFO waiting for php-fpm to die
2025-09-24 03:22:35,430 INFO stopped: php-fpm (exit status 0)
2025-09-24 03:22:37,217 INFO Set uid to user 0 succeeded
2025-09-24 03:22:37,221 INFO supervisord started with pid 1
2025-09-24 03:22:38,225 INFO spawned: 'php-fpm' with pid 7
2025-09-24 03:22:39,283 INFO success: php-fpm entered RUNNING state, process has stayed up for > than 1 seconds (startsecs)
2025-09-24 21:16:27,509 INFO Set uid to user 0 succeeded
2025-09-24 21:16:27,513 INFO supervisord started with pid 1
2025-09-24 21:16:28,517 INFO spawned: 'php-fpm' with pid 7
2025-09-24 21:16:29,667 INFO success: php-fpm entered RUNNING state, process has stayed up for > than 1 seconds (startsecs)
2025-09-24 21:16:55,707 WARN received SIGQUIT indicating exit request
2025-09-24 21:16:55,708 INFO waiting for php-fpm to die
2025-09-24 21:16:55,719 INFO stopped: php-fpm (exit status 0)
2025-09-24 21:16:56,934 INFO Set uid to user 0 succeeded
2025-09-24 21:16:56,943 INFO supervisord started with pid 1
2025-09-24 21:16:57,946 INFO spawned: 'php-fpm' with pid 7
2025-09-24 21:16:58,979 INFO success: php-fpm entered RUNNING state, process has stayed up for > than 1 seconds (startsecs)
2025-09-24 21:43:38,617 WARN received SIGQUIT indicating exit request
2025-09-24 21:43:38,617 INFO waiting for php-fpm to die
2025-09-24 21:43:38,636 INFO stopped: php-fpm (exit status 0)
2025-09-24 21:43:40,791 CRIT Supervisor is running as root.  Privileges were not dropped because no user is specified in the config file.  If you intend to run as root, you can set user=root in the config file to avoid this message.
2025-09-24 21:43:40,797 INFO supervisord started with pid 1
2025-09-24 21:43:41,801 INFO spawned: 'php-fpm' with pid 7
2025-09-24 21:43:42,872 INFO success: php-fpm entered RUNNING state, process has stayed up for > than 1 seconds (startsecs)
2025-09-24 21:44:33,515 WARN received SIGQUIT indicating exit request
2025-09-24 21:44:33,515 INFO waiting for php-fpm to die
2025-09-24 21:44:33,527 INFO stopped: php-fpm (exit status 0)
2025-09-25 02:31:01,931 CRIT Supervisor is running as root.  Privileges were not dropped because no user is specified in the config file.  If you intend to run as root, you can set user=root in the config file to avoid this message.
2025-09-25 02:31:01,934 INFO supervisord started with pid 1
2025-09-25 02:31:02,938 INFO spawned: 'php-fpm' with pid 7
2025-09-25 02:31:03,033 WARN exited: php-fpm (exit status 78; not expected)
2025-09-25 02:31:04,037 INFO spawned: 'php-fpm' with pid 8
2025-09-25 02:31:04,082 WARN exited: php-fpm (exit status 78; not expected)
2025-09-25 02:31:06,087 INFO spawned: 'php-fpm' with pid 9
2025-09-25 02:31:06,129 WARN exited: php-fpm (exit status 78; not expected)
2025-09-25 02:31:09,133 INFO spawned: 'php-fpm' with pid 10
2025-09-25 02:31:09,173 WARN exited: php-fpm (exit status 78; not expected)
2025-09-25 02:31:10,175 INFO gave up: php-fpm entered FATAL state, too many start retries too quickly
2025-09-25 02:39:36,528 WARN received SIGQUIT indicating exit request
2025-09-25 02:39:39,074 CRIT Supervisor is running as root.  Privileges were not dropped because no user is specified in the config file.  If you intend to run as root, you can set user=root in the config file to avoid this message.
2025-09-25 02:39:39,076 INFO supervisord started with pid 1
2025-09-25 02:39:40,079 INFO spawned: 'php-fpm' with pid 7
2025-09-25 02:39:40,164 INFO success: php-fpm entered RUNNING state, process has stayed up for > than 0 seconds (startsecs)
2025-09-25 23:42:00,061 WARN received SIGQUIT indicating exit request
2025-09-25 23:42:00,064 INFO waiting for php-fpm to die
2025-09-25 23:42:01,110 INFO stopped: php-fpm (exit status 0)
2025-09-25 23:42:02,568 CRIT Supervisor is running as root.  Privileges were not dropped because no user is specified in the config file.  If you intend to run as root, you can set user=root in the config file to avoid this message.
2025-09-25 23:42:02,574 INFO supervisord started with pid 1
2025-09-25 23:42:03,580 INFO spawned: 'php-fpm' with pid 7
2025-09-25 23:42:03,650 INFO success: php-fpm entered RUNNING state, process has stayed up for > than 0 seconds (startsecs)
